<?xml version="1.0" encoding="UTF-8"?>
<testsuites>
  <testsuite name="fastlane.lanes">
    
    
    
      
      <testcase classname="fastlane.lanes" name="0: default_platform" time="0.000221">
        
      </testcase>
    
      
      <testcase classname="fastlane.lanes" name="1: clean bundleRelease" time="1.188702">
        
          <failure message="/Users/user/.rbenv/versions/3.2.2/lib/ruby/gems/3.2.0/gems/fastlane-2.217.0/fastlane/lib/fastlane/actions/actions_helper.rb:67:in `execute_action&apos;&#10;/Users/user/.rbenv/versions/3.2.2/lib/ruby/gems/3.2.0/gems/fastlane-2.217.0/fastlane/lib/fastlane/runner.rb:255:in `block in execute_action&apos;&#10;/Users/user/.rbenv/versions/3.2.2/lib/ruby/gems/3.2.0/gems/fastlane-2.217.0/fastlane/lib/fastlane/runner.rb:229:in `chdir&apos;&#10;/Users/user/.rbenv/versions/3.2.2/lib/ruby/gems/3.2.0/gems/fastlane-2.217.0/fastlane/lib/fastlane/runner.rb:229:in `execute_action&apos;&#10;/Users/user/.rbenv/versions/3.2.2/lib/ruby/gems/3.2.0/gems/fastlane-2.217.0/fastlane/lib/fastlane/runner.rb:157:in `trigger_action_by_name&apos;&#10;/Users/user/.rbenv/versions/3.2.2/lib/ruby/gems/3.2.0/gems/fastlane-2.217.0/fastlane/lib/fastlane/fast_file.rb:159:in `method_missing&apos;&#10;Fastfile:35:in `block (2 levels) in parsing_binding&apos;&#10;/Users/user/.rbenv/versions/3.2.2/lib/ruby/gems/3.2.0/gems/fastlane-2.217.0/fastlane/lib/fastlane/lane.rb:41:in `call&apos;&#10;/Users/user/.rbenv/versions/3.2.2/lib/ruby/gems/3.2.0/gems/fastlane-2.217.0/fastlane/lib/fastlane/runner.rb:49:in `block in execute&apos;&#10;/Users/user/.rbenv/versions/3.2.2/lib/ruby/gems/3.2.0/gems/fastlane-2.217.0/fastlane/lib/fastlane/runner.rb:45:in `chdir&apos;&#10;/Users/user/.rbenv/versions/3.2.2/lib/ruby/gems/3.2.0/gems/fastlane-2.217.0/fastlane/lib/fastlane/runner.rb:45:in `execute&apos;&#10;/Users/user/.rbenv/versions/3.2.2/lib/ruby/gems/3.2.0/gems/fastlane-2.217.0/fastlane/lib/fastlane/lane_manager.rb:47:in `cruise_lane&apos;&#10;/Users/user/.rbenv/versions/3.2.2/lib/ruby/gems/3.2.0/gems/fastlane-2.217.0/fastlane/lib/fastlane/command_line_handler.rb:36:in `handle&apos;&#10;/Users/user/.rbenv/versions/3.2.2/lib/ruby/gems/3.2.0/gems/fastlane-2.217.0/fastlane/lib/fastlane/commands_generator.rb:110:in `block (2 levels) in run&apos;&#10;/Users/user/.rbenv/versions/3.2.2/lib/ruby/gems/3.2.0/gems/commander-4.6.0/lib/commander/command.rb:187:in `call&apos;&#10;/Users/user/.rbenv/versions/3.2.2/lib/ruby/gems/3.2.0/gems/commander-4.6.0/lib/commander/command.rb:157:in `run&apos;&#10;/Users/user/.rbenv/versions/3.2.2/lib/ruby/gems/3.2.0/gems/commander-4.6.0/lib/commander/runner.rb:444:in `run_active_command&apos;&#10;/Users/user/.rbenv/versions/3.2.2/lib/ruby/gems/3.2.0/gems/fastlane-2.217.0/fastlane_core/lib/fastlane_core/ui/fastlane_runner.rb:124:in `run!&apos;&#10;/Users/user/.rbenv/versions/3.2.2/lib/ruby/gems/3.2.0/gems/commander-4.6.0/lib/commander/delegates.rb:18:in `run!&apos;&#10;/Users/user/.rbenv/versions/3.2.2/lib/ruby/gems/3.2.0/gems/fastlane-2.217.0/fastlane/lib/fastlane/commands_generator.rb:354:in `run&apos;&#10;/Users/user/.rbenv/versions/3.2.2/lib/ruby/gems/3.2.0/gems/fastlane-2.217.0/fastlane/lib/fastlane/commands_generator.rb:43:in `start&apos;&#10;/Users/user/.rbenv/versions/3.2.2/lib/ruby/gems/3.2.0/gems/fastlane-2.217.0/fastlane/lib/fastlane/cli_tools_distributor.rb:123:in `take_off&apos;&#10;/Users/user/.rbenv/versions/3.2.2/lib/ruby/gems/3.2.0/gems/fastlane-2.217.0/bin/fastlane:23:in `&lt;top (required)&gt;&apos;&#10;/Users/user/.rbenv/versions/3.2.2/bin/fastlane:25:in `load&apos;&#10;/Users/user/.rbenv/versions/3.2.2/bin/fastlane:25:in `&lt;top (required)&gt;&apos;&#10;/Users/user/.rbenv/versions/3.2.2/lib/ruby/gems/3.2.0/gems/bundler-2.5.1/lib/bundler/cli/exec.rb:58:in `load&apos;&#10;/Users/user/.rbenv/versions/3.2.2/lib/ruby/gems/3.2.0/gems/bundler-2.5.1/lib/bundler/cli/exec.rb:58:in `kernel_load&apos;&#10;/Users/user/.rbenv/versions/3.2.2/lib/ruby/gems/3.2.0/gems/bundler-2.5.1/lib/bundler/cli/exec.rb:23:in `run&apos;&#10;/Users/user/.rbenv/versions/3.2.2/lib/ruby/gems/3.2.0/gems/bundler-2.5.1/lib/bundler/cli.rb:451:in `exec&apos;&#10;/Users/user/.rbenv/versions/3.2.2/lib/ruby/gems/3.2.0/gems/bundler-2.5.1/lib/bundler/vendor/thor/lib/thor/command.rb:28:in `run&apos;&#10;/Users/user/.rbenv/versions/3.2.2/lib/ruby/gems/3.2.0/gems/bundler-2.5.1/lib/bundler/vendor/thor/lib/thor/invocation.rb:127:in `invoke_command&apos;&#10;/Users/user/.rbenv/versions/3.2.2/lib/ruby/gems/3.2.0/gems/bundler-2.5.1/lib/bundler/vendor/thor/lib/thor.rb:527:in `dispatch&apos;&#10;/Users/user/.rbenv/versions/3.2.2/lib/ruby/gems/3.2.0/gems/bundler-2.5.1/lib/bundler/cli.rb:34:in `dispatch&apos;&#10;/Users/user/.rbenv/versions/3.2.2/lib/ruby/gems/3.2.0/gems/bundler-2.5.1/lib/bundler/vendor/thor/lib/thor/base.rb:584:in `start&apos;&#10;/Users/user/.rbenv/versions/3.2.2/lib/ruby/gems/3.2.0/gems/bundler-2.5.1/lib/bundler/cli.rb:28:in `start&apos;&#10;/Users/user/.rbenv/versions/3.2.2/lib/ruby/gems/3.2.0/gems/bundler-2.5.1/exe/bundle:28:in `block in &lt;top (required)&gt;&apos;&#10;/Users/user/.rbenv/versions/3.2.2/lib/ruby/gems/3.2.0/gems/bundler-2.5.1/lib/bundler/friendly_errors.rb:117:in `with_friendly_errors&apos;&#10;/Users/user/.rbenv/versions/3.2.2/lib/ruby/gems/3.2.0/gems/bundler-2.5.1/exe/bundle:20:in `&lt;top (required)&gt;&apos;&#10;/Users/user/.rbenv/versions/3.2.2/bin/bundle:25:in `load&apos;&#10;/Users/user/.rbenv/versions/3.2.2/bin/bundle:25:in `&lt;main&gt;&apos;&#10;&#10;Shell command exited with exit status 1 instead of 0.&#10;&gt; Task :buildSrc:checkKotlinGradlePluginConfigurationErrors&#10;&gt; Task :buildSrc:compileKotlin NO-SOURCE&#10;&gt; Task :buildSrc:compileJava NO-SOURCE&#10;&gt; Task :buildSrc:compileGroovy NO-SOURCE&#10;&gt; Task :buildSrc:pluginDescriptors UP-TO-DATE&#10;&gt; Task :buildSrc:processResources NO-SOURCE&#10;&gt; Task :buildSrc:classes UP-TO-DATE&#10;&gt; Task :buildSrc:jar UP-TO-DATE&#10;&#10;FAILURE: Build failed with an exception.&#10;&#10;* Where:&#10;Build file &apos;/Users/user/personal/projects/weather_compose_clean_architecture/app/build.gradle.kts&apos; line: 5&#10;&#10;* What went wrong:&#10;An exception occurred applying plugin request [id: &apos;com.android.application&apos;]&#10;&gt; Failed to apply plugin &apos;com.android.internal.application&apos;.&#10;   &gt; Android Gradle plugin requires Java 17 to run. You are currently using Java 11.&#10;      Your current JDK is located in /opt/homebrew/Cellar/openjdk@11/11.0.20.1/libexec/openjdk.jdk/Contents/Home&#10;      You can try some of the following options:&#10;       - changing the IDE settings.&#10;       - changing the JAVA_HOME environment variable.&#10;       - changing `org.gradle.java.home` in `gradle.properties`.&#10;&#10;* Try:&#10;&gt; Run with --stacktrace option to get the stack trace.&#10;&gt; Run with --info or --debug option to get more log output.&#10;&gt; Run with --scan to get full insights.&#10;&gt; Get more help at https://help.gradle.org.&#10;&#10;BUILD FAILED in 698ms&#10;3 actionable tasks: 1 executed, 2 up-to-date&#10;" />
        
      </testcase>
    
  </testsuite>
</testsuites>
